[0m15:05:03.707637 [debug] [MainThread]: Sending event: {'category': 'dbt', 'action': 'invocation', 'label': 'start', 'context': [<snowplow_tracker.self_describing_json.SelfDescribingJson object at 0x00000272BEA97310>, <snowplow_tracker.self_describing_json.SelfDescribingJson object at 0x00000272BF711060>, <snowplow_tracker.self_describing_json.SelfDescribingJson object at 0x00000272BF712500>]}


============================== 15:05:03.719454 | 2e57ea8d-4466-4542-87d8-f4456242b331 ==============================
[0m15:05:03.719454 [info ] [MainThread]: Running with dbt=1.11.7
[0m15:05:03.719454 [debug] [MainThread]: running dbt with arguments {'version_check': 'True', 'no_print': 'None', 'static_parser': 'True', 'target_path': 'None', 'warn_error_options': 'WarnErrorOptionsV2(error=[], warn=[], silence=[])', 'printer_width': '80', 'write_json': 'True', 'empty': 'None', 'log_cache_events': 'False', 'introspect': 'True', 'cache_selected_only': 'False', 'log_format': 'default', 'debug': 'False', 'fail_fast': 'False', 'partial_parse': 'True', 'send_anonymous_usage_stats': 'True', 'quiet': 'False', 'warn_error': 'None', 'profiles_dir': 'C:\\Users\\DELL\\.dbt', 'invocation_command': 'dbt init my_dbt_project', 'use_colors': 'True', 'indirect_selection': 'eager', 'use_experimental_parser': 'False', 'log_path': 'logs'}
[0m15:05:03.753113 [info ] [MainThread]: Creating dbt configuration folder at C:\Users\DELL\.dbt
[0m15:05:03.762119 [debug] [MainThread]: Starter project path: C:\Users\DELL\AppData\Local\Programs\Python\Python310\lib\site-packages\dbt\include\starter_project
[0m15:05:03.942102 [info ] [MainThread]: 
Your new dbt project "my_dbt_project" was created!

For more information on how to configure the profiles.yml file,
please consult the dbt documentation here:

  https://docs.getdbt.com/docs/configure-your-profile

One more thing:

Need help? Don't hesitate to reach out to us via GitHub issues or on Slack:

  https://community.getdbt.com/

Happy modeling!

[0m15:05:03.944387 [info ] [MainThread]: Setting up your profile.
[0m15:11:38.292405 [info ] [MainThread]: Profile my_dbt_project written to C:\Users\DELL\.dbt\profiles.yml using target's profile_template.yml and your supplied values. Run 'dbt debug' to validate the connection.
[0m15:11:38.295424 [debug] [MainThread]: Command `dbt init` succeeded at 15:11:38.295424 after 394.78 seconds
[0m15:11:38.295424 [debug] [MainThread]: Sending event: {'category': 'dbt', 'action': 'invocation', 'label': 'end', 'context': [<snowplow_tracker.self_describing_json.SelfDescribingJson object at 0x00000272BEA97310>, <snowplow_tracker.self_describing_json.SelfDescribingJson object at 0x00000272BF7135B0>, <snowplow_tracker.self_describing_json.SelfDescribingJson object at 0x00000272BFD910C0>]}
[0m15:11:38.295424 [debug] [MainThread]: Flushing usage events
[0m15:11:41.818737 [debug] [MainThread]: An error was encountered while trying to flush usage events
